<?xml version="1.0" encoding="UTF-8"?>
<!-- Generated by org.testng.reporters.JUnitReportReporter -->
<testsuite hostname="DESKTOP-0L9DERS" failures="0" tests="1" name="testRunnercrossBrowser1.TestRunnercrossBrowser1" time="6.921" errors="0" timestamp="2025-04-14T20:51:37 EDT" skipped="0">
  <testcase classname="testRunnercrossBrowser1.TestRunnercrossBrowser1" name="runScenario" time="6.921"/>
</testsuite> <!-- testRunnercrossBrowser1.TestRunnercrossBrowser1 -->
