<?xml version="1.0" encoding="UTF-8"?>
<!-- Generated by org.testng.reporters.JUnitReportReporter -->
<testsuite hostname="DESKTOP-0L9DERS" failures="1" tests="1" name="testRunnercrossBrowser1.TestRunnercrossBrowser1" time="14.478" errors="0" timestamp="2025-04-14T00:04:46 EDT" skipped="0">
  <testcase classname="testRunnercrossBrowser1.TestRunnercrossBrowser1" name="runScenario" time="14.478">
    <failure message="Failed to verify &#039;already exist&#039; message: Expected condition failed: waiting for visibility of Proxy element for: DefaultElementLocator &#039;By.xpath: //div[@class=&#039;register-result-subtitle&#039;]&#039; (tried for 10 second(s) with 500 milliseconds interval)" type="java.lang.AssertionError">
      <![CDATA[java.lang.AssertionError: Failed to verify 'already exist' message: Expected condition failed: waiting for visibility of Proxy element for: DefaultElementLocator 'By.xpath: //div[@class='register-result-subtitle']' (tried for 10 second(s) with 500 milliseconds interval)
at org.testng.Assert.fail(Assert.java:111)
at pageActioncrossBrowser1.Register3pageActioncrossBrowser1.verify_user_should_be_successfully_registered3(Register3pageActioncrossBrowser1.java:113)
at stepDefinationcrossBrowser1.Register3crossBrowser1.verify_user_should_be_successfully_registered3(Register3crossBrowser1.java:68)
at âœ½.verify user should be successfully registered3(file:///C:/workspaces/projects/com.crossBrowser1/src/test/resource/featureFoldercrossBrowser1/Register3crossBrowser1.feature:13)
]]>
    </failure>
  </testcase> <!-- runScenario -->
</testsuite> <!-- testRunnercrossBrowser1.TestRunnercrossBrowser1 -->
