<?xml version="1.0" encoding="UTF-8"?>
<!-- Generated by org.testng.reporters.JUnitReportReporter -->
<testsuite hostname="DESKTOP-0L9DERS" failures="0" tests="2" name="testRunnercrossBrowser1.TestRunnercrossBrowser1" time="27.913" errors="0" timestamp="2025-04-05T20:27:25 EDT" skipped="0">
  <testcase classname="testRunnercrossBrowser1.TestRunnercrossBrowser1" name="runScenario" time="3.822"/>
  <testcase classname="testRunnercrossBrowser1.TestRunnercrossBrowser1" name="runScenario" time="24.091"/>
</testsuite> <!-- testRunnercrossBrowser1.TestRunnercrossBrowser1 -->
